<?xml version="1.0" encoding="UTF-8" ?>
<testsuites>
  <testsuite errors="0" failures="1" hostname="B-PC" id="0" name="ApplicationEmailTests" package="grails.plugins.mail.visualization" tests="1" time="0.352" timestamp="2014-12-04T22:52:29">
      <properties />

      <testcase classname="grails.plugins.mail.visualization.ApplicationEmailTests" name="testConstraints" time="0.347">
          <failure message="junit.framework.AssertionFailedError: Implement me" type="junit.framework.AssertionFailedError">junit.framework.AssertionFailedError: junit.framework.AssertionFailedError: Implement me
	at grails.plugins.mail.visualization.ApplicationEmailTests.testConstraints(ApplicationEmailTests.groovy:15)
</failure>

      </testcase>

      <system-out><![CDATA[--Output from testConstraints--
]]></system-out>

      <system-err><![CDATA[--Output from testConstraints--
]]></system-err>

  </testsuite>
  <testsuite errors="0" failures="0" hostname="B-PC" id="1" name="EmailVisualizationControllerTests" package="grails.plugins.mail.visualization" tests="3" time="4.797" timestamp="2014-12-04T22:52:24">
      <properties />

      <testcase classname="grails.plugins.mail.visualization.EmailVisualizationControllerTests" name="testIndexWithInvalidId" time="3.99" />

      <testcase classname="grails.plugins.mail.visualization.EmailVisualizationControllerTests" name="testIndexWithValidId" time="0.358" />

      <testcase classname="grails.plugins.mail.visualization.EmailVisualizationControllerTests" name="testIndexWithoutId" time="0.217" />

      <system-out><![CDATA[--Output from testIndexWithInvalidId--
--Output from testIndexWithValidId--
--Output from testIndexWithoutId--
]]></system-out>

      <system-err><![CDATA[--Output from testIndexWithInvalidId--
--Output from testIndexWithValidId--
--Output from testIndexWithoutId--
]]></system-err>

  </testsuite>
</testsuites>
